<?xml version="1.0" encoding="UTF-8"?>
<!-- Generated by org.testng.reporters.JUnitReportReporter -->
<testsuite hostname="MO-DESKTOP-" failures="0" tests="1" name="rest_test.test_req_ex" time="4.820" errors="0" timestamp="2021-12-02T04:43:22 EET" skipped="0">
  <testcase classname="rest_test.test_req_ex" name="ex_2" time="4.820"/>
  <system-out/>
</testsuite> <!-- rest_test.test_req_ex -->
