<?xml version="1.0" encoding="UTF-8"?>
<!-- Generated by org.testng.reporters.JUnitReportReporter -->
<testsuite hostname="MO-DESKTOP-" failures="0" tests="3" name="rest_test.rest_test_ex" time="8.944" errors="0" timestamp="2022-03-05T23:48:30 EET" skipped="0">
  <testcase classname="rest_test.rest_test_ex" name="getposts" time="5.816"/>
  <system-out/>
  <testcase classname="rest_test.rest_test_ex" name="postrequesttest" time="1.777"/>
  <system-out/>
  <testcase classname="rest_test.rest_test_ex" name="getrequesttest" time="1.351"/>
  <system-out/>
</testsuite> <!-- rest_test.rest_test_ex -->
