<?xml version="1.0" encoding="UTF-8"?>
<!-- Generated by org.testng.reporters.JUnitReportReporter -->
<testsuite hostname="MO-DESKTOP-" failures="0" tests="3" name="rest_test.rest_test_ex" time="6.163" errors="0" timestamp="2022-02-22T09:56:40 EET" skipped="0">
  <testcase classname="rest_test.rest_test_ex" name="getposts" time="3.885"/>
  <system-out/>
  <testcase classname="rest_test.rest_test_ex" name="postrequesttest" time="0.921"/>
  <system-out/>
  <testcase classname="rest_test.rest_test_ex" name="getrequesttest" time="1.357"/>
  <system-out/>
</testsuite> <!-- rest_test.rest_test_ex -->
